0 info it worked if it ends with ok
1 verbose cli [ '/Users/huangyi/.nvm/versions/node/v7.4.0/bin/node',
1 verbose cli   '/Users/huangyi/.nvm/versions/node/v7.4.0/bin/npm',
1 verbose cli   'run',
1 verbose cli   'doc' ]
2 info using npm@4.0.5
3 info using node@v7.4.0
4 verbose run-script [ 'predoc', 'doc', 'postdoc' ]
5 info lifecycle better-scroll@1.0.0~predoc: better-scroll@1.0.0
6 silly lifecycle better-scroll@1.0.0~predoc: no script for predoc, continuing
7 info lifecycle better-scroll@1.0.0~doc: better-scroll@1.0.0
8 verbose lifecycle better-scroll@1.0.0~doc: unsafe-perm in lifecycle true
9 verbose lifecycle better-scroll@1.0.0~doc: PATH: /Users/huangyi/.nvm/versions/node/v7.4.0/lib/node_modules/npm/bin/node-gyp-bin:/Users/huangyi/Code/github/better-scroll/node_modules/.bin:/Users/huangyi/.nvm/versions/node/v7.4.0/bin:/usr/local/bin:/usr/bin:/bin:/usr/sbin:/sbin
10 verbose lifecycle better-scroll@1.0.0~doc: CWD: /Users/huangyi/Code/github/better-scroll
11 silly lifecycle better-scroll@1.0.0~doc: Args: [ '-c', 'cd docs && gitbook install && gitbook serve' ]
12 silly lifecycle better-scroll@1.0.0~doc: Returned: code: 1  signal: null
13 info lifecycle better-scroll@1.0.0~doc: Failed to exec doc script
14 verbose stack Error: better-scroll@1.0.0 doc: `cd docs && gitbook install && gitbook serve`
14 verbose stack Exit status 1
14 verbose stack     at EventEmitter.<anonymous> (/Users/huangyi/.nvm/versions/node/v7.4.0/lib/node_modules/npm/lib/utils/lifecycle.js:279:16)
14 verbose stack     at emitTwo (events.js:106:13)
14 verbose stack     at EventEmitter.emit (events.js:191:7)
14 verbose stack     at ChildProcess.<anonymous> (/Users/huangyi/.nvm/versions/node/v7.4.0/lib/node_modules/npm/lib/utils/spawn.js:40:14)
14 verbose stack     at emitTwo (events.js:106:13)
14 verbose stack     at ChildProcess.emit (events.js:191:7)
14 verbose stack     at maybeClose (internal/child_process.js:885:16)
14 verbose stack     at Process.ChildProcess._handle.onexit (internal/child_process.js:226:5)
15 verbose pkgid better-scroll@1.0.0
16 verbose cwd /Users/huangyi/Code/github/better-scroll
17 error Darwin 14.4.0
18 error argv "/Users/huangyi/.nvm/versions/node/v7.4.0/bin/node" "/Users/huangyi/.nvm/versions/node/v7.4.0/bin/npm" "run" "doc"
19 error node v7.4.0
20 error npm  v4.0.5
21 error code ELIFECYCLE
22 error better-scroll@1.0.0 doc: `cd docs && gitbook install && gitbook serve`
22 error Exit status 1
23 error Failed at the better-scroll@1.0.0 doc script 'cd docs && gitbook install && gitbook serve'.
23 error Make sure you have the latest version of node.js and npm installed.
23 error If you do, this is most likely a problem with the better-scroll package,
23 error not with npm itself.
23 error Tell the author that this fails on your system:
23 error     cd docs && gitbook install && gitbook serve
23 error You can get information on how to open an issue for this project with:
23 error     npm bugs better-scroll
23 error Or if that isn't available, you can get their info via:
23 error     npm owner ls better-scroll
23 error There is likely additional logging output above.
24 verbose exit [ 1, true ]
