0 info it worked if it ends with ok
1 verbose cli [ '/Users/huangyi/.nvm/versions/node/v7.4.0/bin/node',
1 verbose cli   '/Users/huangyi/.nvm/versions/node/v7.4.0/bin/npm',
1 verbose cli   'run',
1 verbose cli   'build' ]
2 info using npm@4.0.5
3 info using node@v7.4.0
4 verbose stack Error: ENOENT: no such file or directory, open '/Users/huangyi/Code/github/better-scroll/docs/package.json'
5 verbose cwd /Users/huangyi/Code/github/better-scroll/docs
6 error Darwin 14.4.0
7 error argv "/Users/huangyi/.nvm/versions/node/v7.4.0/bin/node" "/Users/huangyi/.nvm/versions/node/v7.4.0/bin/npm" "run" "build"
8 error node v7.4.0
9 error npm  v4.0.5
10 error path /Users/huangyi/Code/github/better-scroll/docs/package.json
11 error code ENOENT
12 error errno -2
13 error syscall open
14 error enoent ENOENT: no such file or directory, open '/Users/huangyi/Code/github/better-scroll/docs/package.json'
15 error enoent ENOENT: no such file or directory, open '/Users/huangyi/Code/github/better-scroll/docs/package.json'
15 error enoent This is most likely not a problem with npm itself
15 error enoent and is related to npm not being able to find a file.
16 verbose exit [ -2, true ]
